<?xml version="1.0" encoding="UTF-8"?>
<!-- Generated by org.testng.reporters.JUnitReportReporter -->
<testsuite hostname="Balaji" failures="0" tests="2" name="com.metlife.test.LoginUserInterfaceTest" time="90.124" errors="0" timestamp="2022-08-17T15:54:13 IST" skipped="0">
  <testcase classname="com.metlife.test.LoginUserInterfaceTest" name="textboxPlaceHolderTest" time="62.294"/>
  <system-out/>
  <testcase classname="com.metlife.test.LoginUserInterfaceTest" name="validateTitleTest" time="27.830"/>
  <system-out/>
</testsuite> <!-- com.metlife.test.LoginUserInterfaceTest -->
